DEB [20180327-10:46:26.980] thr=1   paramiko.transport: starting thread (client mode): 0x3a0ccd0L
DEB [20180327-10:46:26.980] thr=1   paramiko.transport: Local version/idstring: SSH-2.0-paramiko_2.4.0
DEB [20180327-10:46:27.661] thr=1   paramiko.transport: Remote version/idstring: SSH-2.0-OpenSSH_6.6.1
INF [20180327-10:46:27.661] thr=1   paramiko.transport: Connected (version 2.0, client OpenSSH_6.6.1)
DEB [20180327-10:46:27.967] thr=1   paramiko.transport: kex algos:[u'curve25519-sha256@libssh.org', u'ecdh-sha2-nistp256', u'ecdh-sha2-nistp384', u'ecdh-sha2-nistp521', u'diffie-hellman-group-exchange-sha256', u'diffie-hellman-group-exchange-sha1', u'diffie-hellman-group14-sha1', u'diffie-hellman-group1-sha1'] server key:[u'ssh-rsa', u'ecdsa-sha2-nistp256'] client encrypt:[u'aes128-ctr', u'aes192-ctr', u'aes256-ctr', u'arcfour256', u'arcfour128', u'aes128-gcm@openssh.com', u'aes256-gcm@openssh.com', u'chacha20-poly1305@openssh.com', u'aes128-cbc', u'3des-cbc', u'blowfish-cbc', u'cast128-cbc', u'aes192-cbc', u'aes256-cbc', u'arcfour', u'rijndael-cbc@lysator.liu.se'] server encrypt:[u'aes128-ctr', u'aes192-ctr', u'aes256-ctr', u'arcfour256', u'arcfour128', u'aes128-gcm@openssh.com', u'aes256-gcm@openssh.com', u'chacha20-poly1305@openssh.com', u'aes128-cbc', u'3des-cbc', u'blowfish-cbc', u'cast128-cbc', u'aes192-cbc', u'aes256-cbc', u'arcfour', u'rijndael-cbc@lysator.liu.se'] client mac:[u'hmac-md5-etm@openssh.com', u'hmac-sha1-etm@openssh.com', u'umac-64-etm@openssh.com', u'umac-128-etm@openssh.com', u'hmac-sha2-256-etm@openssh.com', u'hmac-sha2-512-etm@openssh.com', u'hmac-ripemd160-etm@openssh.com', u'hmac-sha1-96-etm@openssh.com', u'hmac-md5-96-etm@openssh.com', u'hmac-md5', u'hmac-sha1', u'umac-64@openssh.com', u'umac-128@openssh.com', u'hmac-sha2-256', u'hmac-sha2-512', u'hmac-ripemd160', u'hmac-ripemd160@openssh.com', u'hmac-sha1-96', u'hmac-md5-96'] server mac:[u'hmac-md5-etm@openssh.com', u'hmac-sha1-etm@openssh.com', u'umac-64-etm@openssh.com', u'umac-128-etm@openssh.com', u'hmac-sha2-256-etm@openssh.com', u'hmac-sha2-512-etm@openssh.com', u'hmac-ripemd160-etm@openssh.com', u'hmac-sha1-96-etm@openssh.com', u'hmac-md5-96-etm@openssh.com', u'hmac-md5', u'hmac-sha1', u'umac-64@openssh.com', u'umac-128@openssh.com', u'hmac-sha2-256', u'hmac-sha2-512', u'hmac-ripemd160', u'hmac-ripemd160@openssh.com', u'hmac-sha1-96', u'hmac-md5-96'] client compress:[u'none', u'zlib@openssh.com'] server compress:[u'none', u'zlib@openssh.com'] client lang:[u''] server lang:[u''] kex follows?False
DEB [20180327-10:46:27.967] thr=1   paramiko.transport: Kex agreed: ecdh-sha2-nistp256
DEB [20180327-10:46:27.967] thr=1   paramiko.transport: HostKey agreed: ecdsa-sha2-nistp256
DEB [20180327-10:46:27.967] thr=1   paramiko.transport: Cipher agreed: aes128-ctr
DEB [20180327-10:46:27.967] thr=1   paramiko.transport: MAC agreed: hmac-sha2-256
DEB [20180327-10:46:27.967] thr=1   paramiko.transport: Compression agreed: none
DEB [20180327-10:46:29.448] thr=1   paramiko.transport: kex engine KexNistp256 specified hash_algo <built-in function openssl_sha256>
DEB [20180327-10:46:29.450] thr=1   paramiko.transport: Switch to new keys ...
DEB [20180327-10:46:29.459] thr=2   paramiko.transport: Adding ecdsa-sha2-nistp256 host key for 192.168.58.69: 39a0f4f8ed6d7928ebbaff9b97b77232
DEB [20180327-10:46:29.506] thr=1   paramiko.transport: userauth is OK
INF [20180327-10:46:30.382] thr=1   paramiko.transport: Authentication (password) successful!
DEB [20180327-10:46:30.384] thr=2   paramiko.transport: [chan 0] Max packet in: 32768 bytes
DEB [20180327-10:46:30.911] thr=1   paramiko.transport: [chan 0] Max packet out: 32768 bytes
DEB [20180327-10:46:30.911] thr=1   paramiko.transport: Secsh channel 0 opened.
DEB [20180327-10:46:30.915] thr=1   paramiko.transport: [chan 0] Sesch channel 0 request ok
DEB [20180327-10:46:33.217] thr=1   paramiko.transport: [chan 0] EOF received (0)
